<?xml version="1.0" ?>
<testsuite name="Test-20200216175251" tests="19" time="468.139" failures="0" errors="0">
	<testcase classname="Test" name="test_componet_Dominent_recessive_validations" time="8.190"/>
	<testcase classname="Test" name="test_componet_Galv_validations" time="11.085"/>
	<testcase classname="Test" name="test_componet_Humun_brain_validations" time="12.764"/>
	<testcase classname="Test" name="test_componet_OpaqueT_validations" time="8.232"/>
	<testcase classname="Test" name="test_componet_Reproduct_part_validations" time="10.059"/>
	<testcase classname="Test" name="test_componet_atomic_model_validations" time="13.141"/>
	<testcase classname="Test" name="test_componet_complexNumbers_validations" time="8.733"/>
	<testcase classname="Test" name="test_componet_dot_structure_validations" time="7.644"/>
	<testcase classname="Test" name="test_componet_lineandplain_validations" time="13.870"/>
	<testcase classname="Test" name="test_componet_lines_validations" time="8.572"/>
	<testcase classname="Test" name="test_componet_series_parallel_validations" time="8.126"/>
	<testcase classname="Test" name="test_componet_structurePhonel_validations" time="25.108"/>
	<testcase classname="Test" name="test_impact_analysis_AI" time="25.942"/>
	<testcase classname="Test" name="test_impact_analysis_launch" time="45.240"/>
	<testcase classname="Test" name="test_impact_analysis_module_attempted" time="27.018"/>
	<testcase classname="Test" name="test_impact_analysis_socre_by_module" time="40.152"/>
	<testcase classname="Test" name="test_login_form_validations" time="96.094"/>
	<testcase classname="Test" name="test_signup_form_validations" time="68.690"/>
	<testcase classname="Test" name="test_signup_tag_validations" time="29.483"/>
	<system-out><![CDATA[impact analysis logged successfully..
logged in successfully
]]></system-out>
	<system-err><![CDATA[]]></system-err>
</testsuite>
